<?xml version="1.0" encoding="UTF-8"?>
<beans xmlns="http://www.springframework.org/schema/beans"
       xmlns:xsi="http://www.w3.org/2001/XMLSchema-instance"
       xmlns:context="http://www.springframework.org/schema/context"
       xsi:schemaLocation="http://www.springframework.org/schema/beans http://www.springframework.org/schema/beans/spring-beans.xsd http://www.springframework.org/schema/context http://www.springframework.org/schema/context/spring-context.xsd">

    <context:property-placeholder location="classpath:application.properties" />

    <!-- Scan everything but web and rest related classes -->
    <context:component-scan base-package="com.companyx.platform.portfolio.management.dao,
        com.companyx.platform.portfolio.management.domain,
        com.companyx.platform.portfolio.management.repository,
        com.companyx.platform.portfolio.management.service"/>

    <bean id="persistenceJPAConfig" class="com.companyx.platform.portfolio.management.config.PersistenceJPAConfig"/>

</beans>